<?xml version="1.0" encoding="UTF-8"?>
<testsuite xmlns:xsi="http://www.w3.org/2001/XMLSchema-instance" xsi:noNamespaceSchemaLocation="https://maven.apache.org/surefire/maven-surefire-plugin/xsd/surefire-test-report.xsd" name="com.example.messagingrabbitmq.BaseContractTest" time="18.502" tests="1" errors="0" skipped="0" failures="0">
  <properties>
    <property name="java.specification.version" value="13"/>
    <property name="sun.jnu.encoding" value="UTF-8"/>
    <property name="java.class.path" value="/Users/pivotal/Downloads/spring_cloud/gs-messaging-rabbitmq/complete/target/test-classes:/Users/pivotal/Downloads/spring_cloud/gs-messaging-rabbitmq/complete/target/classes:/Users/pivotal/.m2/repository/org/springframework/boot/spring-boot-starter-json/2.1.12.RELEASE/spring-boot-starter-json-2.1.12.RELEASE.jar:/Users/pivotal/.m2/repository/org/springframework/boot/spring-boot-starter/2.1.12.RELEASE/spring-boot-starter-2.1.12.RELEASE.jar:/Users/pivotal/.m2/repository/org/springframework/boot/spring-boot/2.1.12.RELEASE/spring-boot-2.1.12.RELEASE.jar:/Users/pivotal/.m2/repository/org/springframework/boot/spring-boot-autoconfigure/2.1.12.RELEASE/spring-boot-autoconfigure-2.1.12.RELEASE.jar:/Users/pivotal/.m2/repository/org/springframework/boot/spring-boot-starter-logging/2.1.12.RELEASE/spring-boot-starter-logging-2.1.12.RELEASE.jar:/Users/pivotal/.m2/repository/ch/qos/logback/logback-classic/1.2.3/logback-classic-1.2.3.jar:/Users/pivotal/.m2/repository/ch/qos/logback/logback-core/1.2.3/logback-core-1.2.3.jar:/Users/pivotal/.m2/repository/org/apache/logging/log4j/log4j-to-slf4j/2.11.2/log4j-to-slf4j-2.11.2.jar:/Users/pivotal/.m2/repository/org/apache/logging/log4j/log4j-api/2.11.2/log4j-api-2.11.2.jar:/Users/pivotal/.m2/repository/org/slf4j/jul-to-slf4j/1.7.30/jul-to-slf4j-1.7.30.jar:/Users/pivotal/.m2/repository/javax/annotation/javax.annotation-api/1.3.2/javax.annotation-api-1.3.2.jar:/Users/pivotal/.m2/repository/org/yaml/snakeyaml/1.23/snakeyaml-1.23.jar:/Users/pivotal/.m2/repository/org/springframework/spring-web/5.1.13.RELEASE/spring-web-5.1.13.RELEASE.jar:/Users/pivotal/.m2/repository/org/springframework/spring-beans/5.1.13.RELEASE/spring-beans-5.1.13.RELEASE.jar:/Users/pivotal/.m2/repository/com/fasterxml/jackson/core/jackson-databind/2.9.10.2/jackson-databind-2.9.10.2.jar:/Users/pivotal/.m2/repository/com/fasterxml/jackson/core/jackson-annotations/2.9.10/jackson-annotations-2.9.10.jar:/Users/pivotal/.m2/repository/com/fasterxml/jackson/core/jackson-core/2.9.10/jackson-core-2.9.10.jar:/Users/pivotal/.m2/repository/com/fasterxml/jackson/datatype/jackson-datatype-jdk8/2.9.10/jackson-datatype-jdk8-2.9.10.jar:/Users/pivotal/.m2/repository/com/fasterxml/jackson/datatype/jackson-datatype-jsr310/2.9.10/jackson-datatype-jsr310-2.9.10.jar:/Users/pivotal/.m2/repository/com/fasterxml/jackson/module/jackson-module-parameter-names/2.9.10/jackson-module-parameter-names-2.9.10.jar:/Users/pivotal/.m2/repository/org/springframework/cloud/spring-cloud-starter-contract-verifier/2.0.2.RELEASE/spring-cloud-starter-contract-verifier-2.0.2.RELEASE.jar:/Users/pivotal/.m2/repository/org/springframework/cloud/spring-cloud-contract-verifier/2.0.2.RELEASE/spring-cloud-contract-verifier-2.0.2.RELEASE.jar:/Users/pivotal/.m2/repository/org/springframework/cloud/spring-cloud-contract-spec/2.0.2.RELEASE/spring-cloud-contract-spec-2.0.2.RELEASE.jar:/Users/pivotal/.m2/repository/dk/brics/automaton/automaton/1.11-8/automaton-1.11-8.jar:/Users/pivotal/.m2/repository/org/apache/commons/commons-text/1.1/commons-text-1.1.jar:/Users/pivotal/.m2/repository/javax/inject/javax.inject/1/javax.inject-1.jar:/Users/pivotal/.m2/repository/org/slf4j/slf4j-api/1.7.30/slf4j-api-1.7.30.jar:/Users/pivotal/.m2/repository/com/github/tomakehurst/wiremock-standalone/2.18.0/wiremock-standalone-2.18.0.jar:/Users/pivotal/.m2/repository/org/codehaus/groovy/groovy/2.5.9/groovy-2.5.9.jar:/Users/pivotal/.m2/repository/org/codehaus/groovy/groovy-nio/2.5.9/groovy-nio-2.5.9.jar:/Users/pivotal/.m2/repository/org/codehaus/groovy/groovy-json/2.5.9/groovy-json-2.5.9.jar:/Users/pivotal/.m2/repository/org/codehaus/groovy/groovy-xml/2.5.9/groovy-xml-2.5.9.jar:/Users/pivotal/.m2/repository/com/github/jknack/handlebars/4.0.6/handlebars-4.0.6.jar:/Users/pivotal/.m2/repository/org/apache/commons/commons-lang3/3.8.1/commons-lang3-3.8.1.jar:/Users/pivotal/.m2/repository/org/antlr/antlr4-runtime/4.5.1-1/antlr4-runtime-4.5.1-1.jar:/Users/pivotal/.m2/repository/org/mozilla/rhino/1.7R4/rhino-1.7R4.jar:/Users/pivotal/.m2/repository/commons-beanutils/commons-beanutils/1.9.3/commons-beanutils-1.9.3.jar:/Users/pivotal/.m2/repository/commons-logging/commons-logging/1.2/commons-logging-1.2.jar:/Users/pivotal/.m2/repository/commons-collections/commons-collections/3.2.2/commons-collections-3.2.2.jar:/Users/pivotal/.m2/repository/com/fasterxml/jackson/dataformat/jackson-dataformat-yaml/2.9.10/jackson-dataformat-yaml-2.9.10.jar:/Users/pivotal/.m2/repository/io/rest-assured/rest-assured/3.1.1/rest-assured-3.1.1.jar:/Users/pivotal/.m2/repository/org/apache/httpcomponents/httpclient/4.5.10/httpclient-4.5.10.jar:/Users/pivotal/.m2/repository/org/apache/httpcomponents/httpcore/4.4.13/httpcore-4.4.13.jar:/Users/pivotal/.m2/repository/commons-codec/commons-codec/1.11/commons-codec-1.11.jar:/Users/pivotal/.m2/repository/org/apache/httpcomponents/httpmime/4.5.10/httpmime-4.5.10.jar:/Users/pivotal/.m2/repository/org/ccil/cowan/tagsoup/tagsoup/1.2.1/tagsoup-1.2.1.jar:/Users/pivotal/.m2/repository/io/rest-assured/json-path/3.1.1/json-path-3.1.1.jar:/Users/pivotal/.m2/repository/io/rest-assured/rest-assured-common/3.1.1/rest-assured-common-3.1.1.jar:/Users/pivotal/.m2/repository/io/rest-assured/xml-path/3.1.1/xml-path-3.1.1.jar:/Users/pivotal/.m2/repository/io/rest-assured/spring-mock-mvc/3.1.1/spring-mock-mvc-3.1.1.jar:/Users/pivotal/.m2/repository/com/toomuchcoding/jsonassert/jsonassert/0.4.13/jsonassert-0.4.13.jar:/Users/pivotal/.m2/repository/cglib/cglib/3.2.4/cglib-3.2.4.jar:/Users/pivotal/.m2/repository/org/ow2/asm/asm/6.0_ALPHA/asm-6.0_ALPHA.jar:/Users/pivotal/.m2/repository/org/apache/ant/ant/1.9.6/ant-1.9.6.jar:/Users/pivotal/.m2/repository/org/apache/ant/ant-launcher/1.9.6/ant-launcher-1.9.6.jar:/Users/pivotal/.m2/repository/org/springframework/boot/spring-boot-starter-amqp/2.1.12.RELEASE/spring-boot-starter-amqp-2.1.12.RELEASE.jar:/Users/pivotal/.m2/repository/org/springframework/spring-messaging/5.1.13.RELEASE/spring-messaging-5.1.13.RELEASE.jar:/Users/pivotal/.m2/repository/org/springframework/amqp/spring-rabbit/2.1.13.RELEASE/spring-rabbit-2.1.13.RELEASE.jar:/Users/pivotal/.m2/repository/com/rabbitmq/amqp-client/5.4.3/amqp-client-5.4.3.jar:/Users/pivotal/.m2/repository/org/springframework/amqp/spring-amqp/2.1.13.RELEASE/spring-amqp-2.1.13.RELEASE.jar:/Users/pivotal/.m2/repository/org/springframework/retry/spring-retry/1.2.5.RELEASE/spring-retry-1.2.5.RELEASE.jar:/Users/pivotal/.m2/repository/org/springframework/spring-context/5.1.13.RELEASE/spring-context-5.1.13.RELEASE.jar:/Users/pivotal/.m2/repository/org/springframework/spring-aop/5.1.13.RELEASE/spring-aop-5.1.13.RELEASE.jar:/Users/pivotal/.m2/repository/org/springframework/spring-expression/5.1.13.RELEASE/spring-expression-5.1.13.RELEASE.jar:/Users/pivotal/.m2/repository/org/springframework/spring-tx/5.1.13.RELEASE/spring-tx-5.1.13.RELEASE.jar:/Users/pivotal/.m2/repository/org/springframework/boot/spring-boot-starter-test/2.1.12.RELEASE/spring-boot-starter-test-2.1.12.RELEASE.jar:/Users/pivotal/.m2/repository/org/springframework/boot/spring-boot-test/2.1.12.RELEASE/spring-boot-test-2.1.12.RELEASE.jar:/Users/pivotal/.m2/repository/org/springframework/boot/spring-boot-test-autoconfigure/2.1.12.RELEASE/spring-boot-test-autoconfigure-2.1.12.RELEASE.jar:/Users/pivotal/.m2/repository/com/jayway/jsonpath/json-path/2.4.0/json-path-2.4.0.jar:/Users/pivotal/.m2/repository/net/minidev/json-smart/2.3/json-smart-2.3.jar:/Users/pivotal/.m2/repository/net/minidev/accessors-smart/1.2/accessors-smart-1.2.jar:/Users/pivotal/.m2/repository/junit/junit/4.12/junit-4.12.jar:/Users/pivotal/.m2/repository/org/assertj/assertj-core/3.11.1/assertj-core-3.11.1.jar:/Users/pivotal/.m2/repository/org/mockito/mockito-core/2.23.4/mockito-core-2.23.4.jar:/Users/pivotal/.m2/repository/net/bytebuddy/byte-buddy/1.9.16/byte-buddy-1.9.16.jar:/Users/pivotal/.m2/repository/net/bytebuddy/byte-buddy-agent/1.9.16/byte-buddy-agent-1.9.16.jar:/Users/pivotal/.m2/repository/org/objenesis/objenesis/2.6/objenesis-2.6.jar:/Users/pivotal/.m2/repository/org/hamcrest/hamcrest-core/1.3/hamcrest-core-1.3.jar:/Users/pivotal/.m2/repository/org/hamcrest/hamcrest-library/1.3/hamcrest-library-1.3.jar:/Users/pivotal/.m2/repository/org/skyscreamer/jsonassert/1.5.0/jsonassert-1.5.0.jar:/Users/pivotal/.m2/repository/com/vaadin/external/google/android-json/0.0.20131108.vaadin1/android-json-0.0.20131108.vaadin1.jar:/Users/pivotal/.m2/repository/org/springframework/spring-core/5.1.13.RELEASE/spring-core-5.1.13.RELEASE.jar:/Users/pivotal/.m2/repository/org/springframework/spring-jcl/5.1.13.RELEASE/spring-jcl-5.1.13.RELEASE.jar:/Users/pivotal/.m2/repository/org/springframework/spring-test/5.1.13.RELEASE/spring-test-5.1.13.RELEASE.jar:/Users/pivotal/.m2/repository/org/xmlunit/xmlunit-core/2.6.3/xmlunit-core-2.6.3.jar:/Users/pivotal/.m2/repository/javax/xml/bind/jaxb-api/2.3.1/jaxb-api-2.3.1.jar:/Users/pivotal/.m2/repository/javax/activation/javax.activation-api/1.2.0/javax.activation-api-1.2.0.jar:/Users/pivotal/.m2/repository/org/projectlombok/lombok/1.18.12/lombok-1.18.12.jar:"/>
    <property name="java.vm.vendor" value="Oracle Corporation"/>
    <property name="sun.arch.data.model" value="64"/>
    <property name="java.vendor.url" value="https://openjdk.java.net/"/>
    <property name="os.name" value="Mac OS X"/>
    <property name="java.vm.specification.version" value="13"/>
    <property name="sun.java.launcher" value="SUN_STANDARD"/>
    <property name="user.country" value="CA"/>
    <property name="sun.boot.library.path" value="/usr/local/Cellar/openjdk/13.0.2+8_2/libexec/openjdk.jdk/Contents/Home/lib"/>
    <property name="sun.java.command" value="/Users/pivotal/Downloads/spring_cloud/gs-messaging-rabbitmq/complete/target/surefire/surefirebooter13948695344087072864.jar /Users/pivotal/Downloads/spring_cloud/gs-messaging-rabbitmq/complete/target/surefire 2020-03-12T16-46-53_908-jvmRun1 surefire13281949993060248393tmp surefire_02479742604163651686tmp"/>
    <property name="http.nonProxyHosts" value="local|*.local|169.254/16|*.169.254/16"/>
    <property name="jdk.debug" value="release"/>
    <property name="surefire.test.class.path" value="/Users/pivotal/Downloads/spring_cloud/gs-messaging-rabbitmq/complete/target/test-classes:/Users/pivotal/Downloads/spring_cloud/gs-messaging-rabbitmq/complete/target/classes:/Users/pivotal/.m2/repository/org/springframework/boot/spring-boot-starter-json/2.1.12.RELEASE/spring-boot-starter-json-2.1.12.RELEASE.jar:/Users/pivotal/.m2/repository/org/springframework/boot/spring-boot-starter/2.1.12.RELEASE/spring-boot-starter-2.1.12.RELEASE.jar:/Users/pivotal/.m2/repository/org/springframework/boot/spring-boot/2.1.12.RELEASE/spring-boot-2.1.12.RELEASE.jar:/Users/pivotal/.m2/repository/org/springframework/boot/spring-boot-autoconfigure/2.1.12.RELEASE/spring-boot-autoconfigure-2.1.12.RELEASE.jar:/Users/pivotal/.m2/repository/org/springframework/boot/spring-boot-starter-logging/2.1.12.RELEASE/spring-boot-starter-logging-2.1.12.RELEASE.jar:/Users/pivotal/.m2/repository/ch/qos/logback/logback-classic/1.2.3/logback-classic-1.2.3.jar:/Users/pivotal/.m2/repository/ch/qos/logback/logback-core/1.2.3/logback-core-1.2.3.jar:/Users/pivotal/.m2/repository/org/apache/logging/log4j/log4j-to-slf4j/2.11.2/log4j-to-slf4j-2.11.2.jar:/Users/pivotal/.m2/repository/org/apache/logging/log4j/log4j-api/2.11.2/log4j-api-2.11.2.jar:/Users/pivotal/.m2/repository/org/slf4j/jul-to-slf4j/1.7.30/jul-to-slf4j-1.7.30.jar:/Users/pivotal/.m2/repository/javax/annotation/javax.annotation-api/1.3.2/javax.annotation-api-1.3.2.jar:/Users/pivotal/.m2/repository/org/yaml/snakeyaml/1.23/snakeyaml-1.23.jar:/Users/pivotal/.m2/repository/org/springframework/spring-web/5.1.13.RELEASE/spring-web-5.1.13.RELEASE.jar:/Users/pivotal/.m2/repository/org/springframework/spring-beans/5.1.13.RELEASE/spring-beans-5.1.13.RELEASE.jar:/Users/pivotal/.m2/repository/com/fasterxml/jackson/core/jackson-databind/2.9.10.2/jackson-databind-2.9.10.2.jar:/Users/pivotal/.m2/repository/com/fasterxml/jackson/core/jackson-annotations/2.9.10/jackson-annotations-2.9.10.jar:/Users/pivotal/.m2/repository/com/fasterxml/jackson/core/jackson-core/2.9.10/jackson-core-2.9.10.jar:/Users/pivotal/.m2/repository/com/fasterxml/jackson/datatype/jackson-datatype-jdk8/2.9.10/jackson-datatype-jdk8-2.9.10.jar:/Users/pivotal/.m2/repository/com/fasterxml/jackson/datatype/jackson-datatype-jsr310/2.9.10/jackson-datatype-jsr310-2.9.10.jar:/Users/pivotal/.m2/repository/com/fasterxml/jackson/module/jackson-module-parameter-names/2.9.10/jackson-module-parameter-names-2.9.10.jar:/Users/pivotal/.m2/repository/org/springframework/cloud/spring-cloud-starter-contract-verifier/2.0.2.RELEASE/spring-cloud-starter-contract-verifier-2.0.2.RELEASE.jar:/Users/pivotal/.m2/repository/org/springframework/cloud/spring-cloud-contract-verifier/2.0.2.RELEASE/spring-cloud-contract-verifier-2.0.2.RELEASE.jar:/Users/pivotal/.m2/repository/org/springframework/cloud/spring-cloud-contract-spec/2.0.2.RELEASE/spring-cloud-contract-spec-2.0.2.RELEASE.jar:/Users/pivotal/.m2/repository/dk/brics/automaton/automaton/1.11-8/automaton-1.11-8.jar:/Users/pivotal/.m2/repository/org/apache/commons/commons-text/1.1/commons-text-1.1.jar:/Users/pivotal/.m2/repository/javax/inject/javax.inject/1/javax.inject-1.jar:/Users/pivotal/.m2/repository/org/slf4j/slf4j-api/1.7.30/slf4j-api-1.7.30.jar:/Users/pivotal/.m2/repository/com/github/tomakehurst/wiremock-standalone/2.18.0/wiremock-standalone-2.18.0.jar:/Users/pivotal/.m2/repository/org/codehaus/groovy/groovy/2.5.9/groovy-2.5.9.jar:/Users/pivotal/.m2/repository/org/codehaus/groovy/groovy-nio/2.5.9/groovy-nio-2.5.9.jar:/Users/pivotal/.m2/repository/org/codehaus/groovy/groovy-json/2.5.9/groovy-json-2.5.9.jar:/Users/pivotal/.m2/repository/org/codehaus/groovy/groovy-xml/2.5.9/groovy-xml-2.5.9.jar:/Users/pivotal/.m2/repository/com/github/jknack/handlebars/4.0.6/handlebars-4.0.6.jar:/Users/pivotal/.m2/repository/org/apache/commons/commons-lang3/3.8.1/commons-lang3-3.8.1.jar:/Users/pivotal/.m2/repository/org/antlr/antlr4-runtime/4.5.1-1/antlr4-runtime-4.5.1-1.jar:/Users/pivotal/.m2/repository/org/mozilla/rhino/1.7R4/rhino-1.7R4.jar:/Users/pivotal/.m2/repository/commons-beanutils/commons-beanutils/1.9.3/commons-beanutils-1.9.3.jar:/Users/pivotal/.m2/repository/commons-logging/commons-logging/1.2/commons-logging-1.2.jar:/Users/pivotal/.m2/repository/commons-collections/commons-collections/3.2.2/commons-collections-3.2.2.jar:/Users/pivotal/.m2/repository/com/fasterxml/jackson/dataformat/jackson-dataformat-yaml/2.9.10/jackson-dataformat-yaml-2.9.10.jar:/Users/pivotal/.m2/repository/io/rest-assured/rest-assured/3.1.1/rest-assured-3.1.1.jar:/Users/pivotal/.m2/repository/org/apache/httpcomponents/httpclient/4.5.10/httpclient-4.5.10.jar:/Users/pivotal/.m2/repository/org/apache/httpcomponents/httpcore/4.4.13/httpcore-4.4.13.jar:/Users/pivotal/.m2/repository/commons-codec/commons-codec/1.11/commons-codec-1.11.jar:/Users/pivotal/.m2/repository/org/apache/httpcomponents/httpmime/4.5.10/httpmime-4.5.10.jar:/Users/pivotal/.m2/repository/org/ccil/cowan/tagsoup/tagsoup/1.2.1/tagsoup-1.2.1.jar:/Users/pivotal/.m2/repository/io/rest-assured/json-path/3.1.1/json-path-3.1.1.jar:/Users/pivotal/.m2/repository/io/rest-assured/rest-assured-common/3.1.1/rest-assured-common-3.1.1.jar:/Users/pivotal/.m2/repository/io/rest-assured/xml-path/3.1.1/xml-path-3.1.1.jar:/Users/pivotal/.m2/repository/io/rest-assured/spring-mock-mvc/3.1.1/spring-mock-mvc-3.1.1.jar:/Users/pivotal/.m2/repository/com/toomuchcoding/jsonassert/jsonassert/0.4.13/jsonassert-0.4.13.jar:/Users/pivotal/.m2/repository/cglib/cglib/3.2.4/cglib-3.2.4.jar:/Users/pivotal/.m2/repository/org/ow2/asm/asm/6.0_ALPHA/asm-6.0_ALPHA.jar:/Users/pivotal/.m2/repository/org/apache/ant/ant/1.9.6/ant-1.9.6.jar:/Users/pivotal/.m2/repository/org/apache/ant/ant-launcher/1.9.6/ant-launcher-1.9.6.jar:/Users/pivotal/.m2/repository/org/springframework/boot/spring-boot-starter-amqp/2.1.12.RELEASE/spring-boot-starter-amqp-2.1.12.RELEASE.jar:/Users/pivotal/.m2/repository/org/springframework/spring-messaging/5.1.13.RELEASE/spring-messaging-5.1.13.RELEASE.jar:/Users/pivotal/.m2/repository/org/springframework/amqp/spring-rabbit/2.1.13.RELEASE/spring-rabbit-2.1.13.RELEASE.jar:/Users/pivotal/.m2/repository/com/rabbitmq/amqp-client/5.4.3/amqp-client-5.4.3.jar:/Users/pivotal/.m2/repository/org/springframework/amqp/spring-amqp/2.1.13.RELEASE/spring-amqp-2.1.13.RELEASE.jar:/Users/pivotal/.m2/repository/org/springframework/retry/spring-retry/1.2.5.RELEASE/spring-retry-1.2.5.RELEASE.jar:/Users/pivotal/.m2/repository/org/springframework/spring-context/5.1.13.RELEASE/spring-context-5.1.13.RELEASE.jar:/Users/pivotal/.m2/repository/org/springframework/spring-aop/5.1.13.RELEASE/spring-aop-5.1.13.RELEASE.jar:/Users/pivotal/.m2/repository/org/springframework/spring-expression/5.1.13.RELEASE/spring-expression-5.1.13.RELEASE.jar:/Users/pivotal/.m2/repository/org/springframework/spring-tx/5.1.13.RELEASE/spring-tx-5.1.13.RELEASE.jar:/Users/pivotal/.m2/repository/org/springframework/boot/spring-boot-starter-test/2.1.12.RELEASE/spring-boot-starter-test-2.1.12.RELEASE.jar:/Users/pivotal/.m2/repository/org/springframework/boot/spring-boot-test/2.1.12.RELEASE/spring-boot-test-2.1.12.RELEASE.jar:/Users/pivotal/.m2/repository/org/springframework/boot/spring-boot-test-autoconfigure/2.1.12.RELEASE/spring-boot-test-autoconfigure-2.1.12.RELEASE.jar:/Users/pivotal/.m2/repository/com/jayway/jsonpath/json-path/2.4.0/json-path-2.4.0.jar:/Users/pivotal/.m2/repository/net/minidev/json-smart/2.3/json-smart-2.3.jar:/Users/pivotal/.m2/repository/net/minidev/accessors-smart/1.2/accessors-smart-1.2.jar:/Users/pivotal/.m2/repository/junit/junit/4.12/junit-4.12.jar:/Users/pivotal/.m2/repository/org/assertj/assertj-core/3.11.1/assertj-core-3.11.1.jar:/Users/pivotal/.m2/repository/org/mockito/mockito-core/2.23.4/mockito-core-2.23.4.jar:/Users/pivotal/.m2/repository/net/bytebuddy/byte-buddy/1.9.16/byte-buddy-1.9.16.jar:/Users/pivotal/.m2/repository/net/bytebuddy/byte-buddy-agent/1.9.16/byte-buddy-agent-1.9.16.jar:/Users/pivotal/.m2/repository/org/objenesis/objenesis/2.6/objenesis-2.6.jar:/Users/pivotal/.m2/repository/org/hamcrest/hamcrest-core/1.3/hamcrest-core-1.3.jar:/Users/pivotal/.m2/repository/org/hamcrest/hamcrest-library/1.3/hamcrest-library-1.3.jar:/Users/pivotal/.m2/repository/org/skyscreamer/jsonassert/1.5.0/jsonassert-1.5.0.jar:/Users/pivotal/.m2/repository/com/vaadin/external/google/android-json/0.0.20131108.vaadin1/android-json-0.0.20131108.vaadin1.jar:/Users/pivotal/.m2/repository/org/springframework/spring-core/5.1.13.RELEASE/spring-core-5.1.13.RELEASE.jar:/Users/pivotal/.m2/repository/org/springframework/spring-jcl/5.1.13.RELEASE/spring-jcl-5.1.13.RELEASE.jar:/Users/pivotal/.m2/repository/org/springframework/spring-test/5.1.13.RELEASE/spring-test-5.1.13.RELEASE.jar:/Users/pivotal/.m2/repository/org/xmlunit/xmlunit-core/2.6.3/xmlunit-core-2.6.3.jar:/Users/pivotal/.m2/repository/javax/xml/bind/jaxb-api/2.3.1/jaxb-api-2.3.1.jar:/Users/pivotal/.m2/repository/javax/activation/javax.activation-api/1.2.0/javax.activation-api-1.2.0.jar:/Users/pivotal/.m2/repository/org/projectlombok/lombok/1.18.12/lombok-1.18.12.jar:"/>
    <property name="sun.cpu.endian" value="little"/>
    <property name="user.home" value="/Users/pivotal"/>
    <property name="user.language" value="en"/>
    <property name="java.specification.vendor" value="Oracle Corporation"/>
    <property name="java.version.date" value="2020-01-14"/>
    <property name="java.home" value="/usr/local/Cellar/openjdk/13.0.2+8_2/libexec/openjdk.jdk/Contents/Home"/>
    <property name="file.separator" value="/"/>
    <property name="basedir" value="/Users/pivotal/Downloads/spring_cloud/gs-messaging-rabbitmq/complete"/>
    <property name="java.vm.compressedOopsMode" value="Zero based"/>
    <property name="line.separator" value="&#10;"/>
    <property name="java.specification.name" value="Java Platform API Specification"/>
    <property name="java.vm.specification.vendor" value="Oracle Corporation"/>
    <property name="surefire.real.class.path" value="/Users/pivotal/Downloads/spring_cloud/gs-messaging-rabbitmq/complete/target/surefire/surefirebooter13948695344087072864.jar"/>
    <property name="sun.management.compiler" value="HotSpot 64-Bit Tiered Compilers"/>
    <property name="ftp.nonProxyHosts" value="local|*.local|169.254/16|*.169.254/16"/>
    <property name="java.runtime.version" value="13.0.2+8"/>
    <property name="user.name" value="pivotal"/>
    <property name="path.separator" value=":"/>
    <property name="os.version" value="10.15.3"/>
    <property name="java.runtime.name" value="OpenJDK Runtime Environment"/>
    <property name="file.encoding" value="UTF-8"/>
    <property name="java.vm.name" value="OpenJDK 64-Bit Server VM"/>
    <property name="localRepository" value="/Users/pivotal/.m2/repository"/>
    <property name="java.vendor.url.bug" value="https://bugreport.java.com/bugreport/"/>
    <property name="java.io.tmpdir" value="/var/folders/5z/5wyjfv893ls6bbpz9grhshc00000gn/T/"/>
    <property name="java.version" value="13.0.2"/>
    <property name="user.dir" value="/Users/pivotal/Downloads/spring_cloud/gs-messaging-rabbitmq/complete"/>
    <property name="os.arch" value="x86_64"/>
    <property name="java.vm.specification.name" value="Java Virtual Machine Specification"/>
    <property name="java.library.path" value="/Users/pivotal/Library/Java/Extensions:/Library/Java/Extensions:/Network/Library/Java/Extensions:/System/Library/Java/Extensions:/usr/lib/java:."/>
    <property name="java.vm.info" value="mixed mode, sharing"/>
    <property name="java.vendor" value="N/A"/>
    <property name="java.vm.version" value="13.0.2+8"/>
    <property name="sun.io.unicode.encoding" value="UnicodeBig"/>
    <property name="socksNonProxyHosts" value="local|*.local|169.254/16|*.169.254/16"/>
    <property name="java.class.version" value="57.0"/>
  </properties>
  <testcase name="onUserIsOnline" classname="com.example.messagingrabbitmq.BaseContractTest" time="0.487"/>
</testsuite>